{"message":"LinderaServer: Logger Initialized.","level":"info"}
{"message":"LinderaServer: Environment variables set.","level":"info"}
{"message":"LinderaServer: DB Connection Initialized.","level":"info"}
{"message":"LinderaServer: Express Initialized.","level":"info"}
{"message":"LinderaServer: Server Initialized","level":"info"}
{"message":"LinderaServer: Server is Up and Running","level":"info"}
{"message":"LinderaServer: Logger Initialized.","level":"info"}
{"message":"LinderaServer: Environment variables set.","level":"info"}
{"message":"LinderaServer: DB Connection Initialized.","level":"info"}
{"message":"LinderaServer: Express Initialized.","level":"info"}
{"message":"LinderaServer: Server Initialized","level":"info"}
{"message":"LinderaServer: Server is Up and Running","level":"info"}
{"message":"LinderaServer: Logger Initialized.","level":"info"}
{"message":"LinderaServer: Environment variables set.","level":"info"}
{"message":"LinderaServer: DB Connection Initialized.","level":"info"}
{"message":"LinderaServer: Express Initialized.","level":"info"}
{"message":"LinderaServer: Server Initialized","level":"info"}
{"message":"LinderaServer: Server is Up and Running","level":"info"}
{"message":"LinderaServer: Logger Initialized.","level":"info"}
{"message":"LinderaServer: Environment variables set.","level":"info"}
{"message":"LinderaServer: DB Connection Initialized.","level":"info"}
{"message":"LinderaServer: Express Initialized.","level":"info"}
{"message":"LinderaServer: Server Initialized","level":"info"}
{"message":"LinderaServer: Server is Up and Running","level":"info"}
{"message":"LinderaServer: Logger Initialized.","level":"info"}
{"message":"LinderaServer: Environment variables set.","level":"info"}
{"message":"LinderaServer: DB Connection Initialized.","level":"info"}
{"message":"LinderaServer: Express Initialized.","level":"info"}
{"message":"LinderaServer: Server Initialized","level":"info"}
{"message":"LinderaServer: Server is Up and Running","level":"info"}
{"message":"LinderaServer: Logger Initialized.","level":"info"}
{"message":"LinderaServer: Environment variables set.","level":"info"}
{"message":"LinderaServer: DB Connection Initialized.","level":"info"}
{"message":"LinderaServer: Express Initialized.","level":"info"}
{"message":"LinderaServer: Server Initialized","level":"info"}
{"message":"LinderaServer: Server is Up and Running","level":"info"}
{"message":"LinderaServer: Logger Initialized.","level":"info"}
{"message":"LinderaServer: Environment variables set.","level":"info"}
{"message":"LinderaServer: DB Connection Initialized.","level":"info"}
{"message":"LinderaServer: Express Initialized.","level":"info"}
{"message":"LinderaServer: Server Initialized","level":"info"}
{"message":"LinderaServer: Server is Up and Running","level":"info"}
{"message":"LinderaServer: Logger Initialized.","level":"info"}
{"message":"LinderaServer: Environment variables set.","level":"info"}
{"message":"LinderaServer: DB Connection Initialized.","level":"info"}
{"message":"LinderaServer: Express Initialized.","level":"info"}
{"message":"LinderaServer: Server Initialized","level":"info"}
{"message":"LinderaServer: Server is Up and Running","level":"info"}
{"message":"LinderaServer: Logger Initialized.","level":"info"}
{"message":"LinderaServer: Environment variables set.","level":"info"}
{"message":"LinderaServer: DB Connection Initialized.","level":"info"}
{"message":"LinderaServer: Express Initialized.","level":"info"}
{"message":"LinderaServer: Server Initialized","level":"info"}
{"message":"LinderaServer: Server is Up and Running","level":"info"}
{"message":"LinderaServer: Logger Initialized.","level":"info"}
{"message":"LinderaServer: Environment variables set.","level":"info"}
{"message":"LinderaServer: DB Connection Initialized.","level":"info"}
{"message":"LinderaServer: Express Initialized.","level":"info"}
{"message":"LinderaServer: Server Initialized","level":"info"}
{"message":"LinderaServer: Server is Up and Running","level":"info"}
{"message":"LinderaServer: Logger Initialized.","level":"info"}
{"message":"LinderaServer: Environment variables set.","level":"info"}
{"message":"LinderaServer: DB Connection Initialized.","level":"info"}
{"message":"LinderaServer: Express Initialized.","level":"info"}
{"message":"LinderaServer: Server Initialized","level":"info"}
{"message":"LinderaServer: Server is Up and Running","level":"info"}
